<?xml version="1.0" encoding="UTF-8"?>
<!-- Generated by org.testng.reporters.JUnitXMLReporter -->
<testsuite hostname="DESKTOP-MH1J0Q1" ignored="2" name="HybridReport" tests="1" failures="0" timestamp="14 Jul 2022 16:18:07 GMT" time="30.883" errors="0">
  <testcase name="startTest" time="27.891" classname="driverFactory.DriverScript"/>
  <testcase name="@BeforeTest setUp" time="0.0" classname="constant.AppUtil">
    <ignored/>
  </testcase> <!-- @BeforeTest setUp -->
  <testcase name="@AfterTest tearDown" time="0.0" classname="constant.AppUtil">
    <ignored/>
  </testcase> <!-- @AfterTest tearDown -->
</testsuite> <!-- HybridReport -->
