<?xml version="1.0" encoding="UTF-8"?>
<testng-results skipped="0" failed="0" ignored="2" total="3" passed="1">
  <reporter-output>
    <line>
      <![CDATA[9       4]]>
    </line>
    <line>
      <![CDATA[Login Success::dashboard     http://orangehrm.qedgetech.com/symfony/web/index.php/dashboard]]>
    </line>
    <line>
      <![CDATA[Invalid credentials   dashboard    http://orangehrm.qedgetech.com/symfony/web/index.php/auth/validateCredentials]]>
    </line>
    <line>
      <![CDATA[Invalid credentials   dashboard    http://orangehrm.qedgetech.com/symfony/web/index.php/auth/validateCredentials]]>
    </line>
    <line>
      <![CDATA[Username cannot be empty   dashboard    http://orangehrm.qedgetech.com/symfony/web/index.php/auth/login]]>
    </line>
    <line>
      <![CDATA[Login Success::dashboard     http://orangehrm.qedgetech.com/symfony/web/index.php/dashboard]]>
    </line>
    <line>
      <![CDATA[Password cannot be empty   dashboard    http://orangehrm.qedgetech.com/symfony/web/index.php/auth/login]]>
    </line>
    <line>
      <![CDATA[Invalid credentials   dashboard    http://orangehrm.qedgetech.com/symfony/web/index.php/auth/validateCredentials]]>
    </line>
    <line>
      <![CDATA[Username cannot be empty   dashboard    http://orangehrm.qedgetech.com/symfony/web/index.php/auth/login]]>
    </line>
    <line>
      <![CDATA[Login Success::dashboard     http://orangehrm.qedgetech.com/symfony/web/index.php/dashboard]]>
    </line>
  </reporter-output>
  <suite name="Frameworks" duration-ms="30883" started-at="2022-07-14T16:17:36Z" finished-at="2022-07-14T16:18:07Z">
    <groups>
    </groups>
    <test name="HybridReport" duration-ms="30883" started-at="2022-07-14T16:17:36Z" finished-at="2022-07-14T16:18:07Z">
      <class name="constant.AppUtil">
        <test-method status="PASS" signature="setUp()[pri:0, instance:constant.AppUtil@4883b407]" name="setUp" is-config="true" duration-ms="2771" started-at="2022-07-14T16:17:36Z" finished-at="2022-07-14T16:17:39Z">
          <reporter-output>
          </reporter-output>
        </test-method> <!-- setUp -->
        <test-method status="PASS" signature="tearDown()[pri:0, instance:constant.AppUtil@4883b407]" name="tearDown" is-config="true" duration-ms="194" started-at="2022-07-14T16:18:07Z" finished-at="2022-07-14T16:18:07Z">
          <reporter-output>
          </reporter-output>
        </test-method> <!-- tearDown -->
      </class> <!-- constant.AppUtil -->
      <class name="driverFactory.DriverScript">
        <test-method status="PASS" signature="startTest()[pri:0, instance:driverFactory.DriverScript@7d9d1a19]" name="startTest" duration-ms="27891" started-at="2022-07-14T16:17:39Z" finished-at="2022-07-14T16:18:07Z">
          <reporter-output>
            <line>
              <![CDATA[9       4]]>
            </line>
            <line>
              <![CDATA[Login Success::dashboard     http://orangehrm.qedgetech.com/symfony/web/index.php/dashboard]]>
            </line>
            <line>
              <![CDATA[Invalid credentials   dashboard    http://orangehrm.qedgetech.com/symfony/web/index.php/auth/validateCredentials]]>
            </line>
            <line>
              <![CDATA[Invalid credentials   dashboard    http://orangehrm.qedgetech.com/symfony/web/index.php/auth/validateCredentials]]>
            </line>
            <line>
              <![CDATA[Username cannot be empty   dashboard    http://orangehrm.qedgetech.com/symfony/web/index.php/auth/login]]>
            </line>
            <line>
              <![CDATA[Login Success::dashboard     http://orangehrm.qedgetech.com/symfony/web/index.php/dashboard]]>
            </line>
            <line>
              <![CDATA[Password cannot be empty   dashboard    http://orangehrm.qedgetech.com/symfony/web/index.php/auth/login]]>
            </line>
            <line>
              <![CDATA[Invalid credentials   dashboard    http://orangehrm.qedgetech.com/symfony/web/index.php/auth/validateCredentials]]>
            </line>
            <line>
              <![CDATA[Username cannot be empty   dashboard    http://orangehrm.qedgetech.com/symfony/web/index.php/auth/login]]>
            </line>
            <line>
              <![CDATA[Login Success::dashboard     http://orangehrm.qedgetech.com/symfony/web/index.php/dashboard]]>
            </line>
          </reporter-output>
        </test-method> <!-- startTest -->
      </class> <!-- driverFactory.DriverScript -->
    </test> <!-- HybridReport -->
  </suite> <!-- Frameworks -->
</testng-results>
